<?xml version="1.0" encoding="UTF-8"?>
<!-- Generated by org.testng.reporters.JUnitReportReporter -->
<testsuite hostname="Chitras-MacBook-Air.local" failures="0" tests="1" name="SeleniumDatadriven.Bothcorrect" time="4.375" errors="0" timestamp="2022-09-13T14:38:20 PDT" skipped="0">
  <testcase classname="SeleniumDatadriven.Bothcorrect" name="bothcor" time="4.375"/>
  <system-out/>
</testsuite> <!-- SeleniumDatadriven.Bothcorrect -->
