<?xml version="1.0" encoding="UTF-8"?>
<!-- Generated by org.testng.reporters.JUnitReportReporter -->
<testsuite hostname="Chitras-MacBook-Air.local" failures="0" tests="4" name="Testngproject.Groupingex" time="0.010" errors="0" timestamp="2022-09-12T18:49:08 PDT" skipped="0">
  <testcase classname="Testngproject.Groupingex" name="Lenovo2" time="0.008"/>
  <system-out/>
  <testcase classname="Testngproject.Groupingex" name="moto1" time="0.001"/>
  <system-out/>
  <testcase classname="Testngproject.Groupingex" name="lenovo1" time="0.001"/>
  <system-out/>
  <testcase classname="Testngproject.Groupingex" name="moto2" time="0.000"/>
  <system-out/>
</testsuite> <!-- Testngproject.Groupingex -->
