<?xml version="1.0" encoding="UTF-8"?>
<!-- Generated by org.testng.reporters.JUnitReportReporter -->
<testsuite hostname="Chitras-MacBook-Air.local" failures="0" tests="3" name="Testngproject.SampleTestCase" time="0.005" errors="0" timestamp="2022-09-12T14:46:33 PDT" skipped="1">
  <testcase classname="Testngproject.SampleTestCase" name="firstTestCase" time="0.004"/>
  <system-out/>
  <testcase classname="Testngproject.SampleTestCase" name="aboveTestCase" time="0.001"/>
  <system-out/>
  <testcase classname="Testngproject.SampleTestCase" name="musicOn">
    <skipped/>
  </testcase> <!-- musicOn -->
  <system-out/>
</testsuite> <!-- Testngproject.SampleTestCase -->
