<?xml version="1.0" encoding="UTF-8"?>
<!-- Generated by org.testng.reporters.JUnitReportReporter -->
<testsuite hostname="Chitras-MacBook-Air.local" failures="0" tests="4" name="SeleniumDatadriven.Login" time="35.950" errors="0" timestamp="2022-09-15T16:44:37 PDT" skipped="0">
  <testcase classname="SeleniumDatadriven.Login" name="logindatacheck" time="6.454"/>
  <system-out/>
  <testcase classname="SeleniumDatadriven.Login" name="logindatacheck" time="6.447"/>
  <system-out/>
  <testcase classname="SeleniumDatadriven.Login" name="logindatacheck" time="13.073"/>
  <system-out/>
  <testcase classname="SeleniumDatadriven.Login" name="logindatacheck" time="9.976"/>
  <system-out/>
</testsuite> <!-- SeleniumDatadriven.Login -->
