<?xml version="1.0" encoding="UTF-8"?>
<!-- Generated by org.testng.reporters.JUnitReportReporter -->
<testsuite hostname="Chitras-MacBook-Air.local" failures="0" tests="1" name="Testngproject.Assertex" time="0.008" errors="0" timestamp="2022-09-12T20:07:54 PDT" skipped="0">
  <testcase classname="Testngproject.Assertex" name="assertion" time="0.008"/>
  <system-out/>
</testsuite> <!-- Testngproject.Assertex -->
