<?xml version="1.0" encoding="UTF-8"?>
<!-- Generated by org.testng.reporters.JUnitReportReporter -->
<testsuite hostname="Chitras-MacBook-Air.local" failures="0" tests="1" name="Testngproject.Parameterex" time="0.007" errors="0" timestamp="2022-09-12T19:48:00 PDT" skipped="0">
  <testcase classname="Testngproject.Parameterex" name="printName" time="0.007"/>
  <system-out/>
</testsuite> <!-- Testngproject.Parameterex -->
