<?xml version="1.0" encoding="UTF-8"?>
<!-- Generated by org.testng.reporters.JUnitReportReporter -->
<testsuite hostname="Chitras-MacBook-Air.local" failures="0" tests="3" name="Testngproject.DependeciedManagement" time="0.008" errors="0" timestamp="2022-09-12T13:18:31 PDT" skipped="0">
  <testcase classname="Testngproject.DependeciedManagement" name="college" time="0.001"/>
  <system-out/>
  <testcase classname="Testngproject.DependeciedManagement" name="highSchool" time="0.006"/>
  <system-out/>
  <testcase classname="Testngproject.DependeciedManagement" name="higherSecondary" time="0.001"/>
  <system-out/>
</testsuite> <!-- Testngproject.DependeciedManagement -->
