<?xml version="1.0" encoding="UTF-8"?>
<!-- Generated by org.testng.reporters.JUnitReportReporter -->
<testsuite hostname="Chitras-MacBook-Air.local" failures="0" tests="1" name="Testngproject.Annotationorder" time="0.006" errors="0" timestamp="2022-09-12T20:16:59 PDT" skipped="0">
  <testcase classname="Testngproject.Annotationorder" name="test" time="0.006"/>
  <system-out/>
</testsuite> <!-- Testngproject.Annotationorder -->
