<?xml version="1.0" encoding="UTF-8"?>
<!-- Generated by org.testng.reporters.JUnitReportReporter -->
<testsuite hostname="Chitras-MacBook-Air.local" failures="0" tests="2" name="Testngproject.Parallelex" time="14.894" errors="0" timestamp="2022-09-12T19:51:06 PDT" skipped="0">
  <testcase classname="Testngproject.Parallelex" name="openGoogle" time="6.408"/>
  <system-out/>
  <testcase classname="Testngproject.Parallelex" name="openYahoo" time="8.486"/>
  <system-out/>
</testsuite> <!-- Testngproject.Parallelex -->
