<?xml version="1.0" encoding="UTF-8"?>
<!-- Generated by org.testng.reporters.JUnitReportReporter -->
<testsuite hostname="Chitras-MacBook-Air.local" failures="0" tests="1" name="SeleniumDatadriven.Correctusername" time="7.412" errors="0" timestamp="2022-09-13T14:38:20 PDT" skipped="0">
  <testcase classname="SeleniumDatadriven.Correctusername" name="correctusr" time="7.412"/>
  <system-out/>
</testsuite> <!-- SeleniumDatadriven.Correctusername -->
