<?xml version="1.0" encoding="UTF-8"?>
<!-- Generated by org.testng.reporters.JUnitReportReporter -->
<testsuite hostname="Chitras-MacBook-Air.local" failures="0" tests="2" name="ExtentReports.GenerateExtentReports" time="5.396" errors="0" timestamp="2022-09-21T12:23:11 PDT" skipped="0">
  <testcase classname="ExtentReports.GenerateExtentReports" name="openGoogle" time="1.220"/>
  <system-out/>
  <testcase classname="ExtentReports.GenerateExtentReports" name="openYahoo" time="4.176"/>
  <system-out/>
</testsuite> <!-- ExtentReports.GenerateExtentReports -->
