<?xml version="1.0" encoding="UTF-8"?>
<!-- Generated by org.testng.reporters.JUnitReportReporter -->
<testsuite hostname="Chitras-MacBook-Air.local" failures="0" tests="1" name="SeleniumDatadriven.Bothincorrect" time="4.342" errors="0" timestamp="2022-09-13T14:38:20 PDT" skipped="0">
  <testcase classname="SeleniumDatadriven.Bothincorrect" name="bothincor" time="4.342"/>
  <system-out/>
</testsuite> <!-- SeleniumDatadriven.Bothincorrect -->
