<?xml version="1.0" encoding="UTF-8"?>
<!-- Generated by org.testng.reporters.JUnitReportReporter -->
<testsuite hostname="Chitras-MacBook-Air.local" failures="0" tests="3" name="Testngproject.SuiteExample" time="4.508" errors="0" timestamp="2022-09-12T14:46:33 PDT" skipped="0">
  <testcase classname="Testngproject.SuiteExample" name="openGoogle" time="1.208"/>
  <system-out/>
  <testcase classname="Testngproject.SuiteExample" name="openYahoo" time="2.928"/>
  <system-out/>
  <testcase classname="Testngproject.SuiteExample" name="openBing" time="0.372"/>
  <system-out/>
</testsuite> <!-- Testngproject.SuiteExample -->
